<?xml version="1.0" encoding="UTF-8"?>
<testng-results skipped="0" failed="0" total="1" passed="1">
  <reporter-output>
  </reporter-output>
  <suite name="Default suite" duration-ms="38799" started-at="2017-08-02T12:43:14Z" finished-at="2017-08-02T12:43:53Z">
    <groups>
    </groups>
    <test name="Default test" duration-ms="38799" started-at="2017-08-02T12:43:14Z" finished-at="2017-08-02T12:43:53Z">
      <class name="TestCases.VerifyLoginPage">
        <test-method status="PASS" signature="setup()[pri:0, instance:TestCases.VerifyLoginPage@523884b2]" name="setup" is-config="true" duration-ms="29569" started-at="2017-08-02T18:13:14Z" finished-at="2017-08-02T18:13:44Z">
          <reporter-output>
          </reporter-output>
        </test-method> <!-- setup -->
        <test-method status="PASS" signature="verifylogin()[pri:0, instance:TestCases.VerifyLoginPage@523884b2]" name="verifylogin" duration-ms="9194" started-at="2017-08-02T18:13:44Z" finished-at="2017-08-02T18:13:53Z">
          <reporter-output>
          </reporter-output>
        </test-method> <!-- verifylogin -->
      </class> <!-- TestCases.VerifyLoginPage -->
    </test> <!-- Default test -->
  </suite> <!-- Default suite -->
</testng-results>
